[debug] [2021-09-03T08:30:23.739Z] ----------------------------------------------------------------------
[debug] [2021-09-03T08:30:23.741Z] Command:       C:\Program Files\nodejs\node.exe C:\Users\mahes\AppData\Roaming\npm\node_modules\firebase-tools\lib\bin\firebase.js init
[debug] [2021-09-03T08:30:23.741Z] CLI Version:   9.16.6
[debug] [2021-09-03T08:30:23.741Z] Platform:      win32
[debug] [2021-09-03T08:30:23.741Z] Node Version:  v14.17.5
[debug] [2021-09-03T08:30:23.742Z] Time:          Fri Sep 03 2021 14:00:23 GMT+0530 (India Standard Time)
[debug] [2021-09-03T08:30:23.742Z] ----------------------------------------------------------------------
[debug] 
[debug] [2021-09-03T08:30:23.793Z] > command requires scopes: ["email","openid","https://www.googleapis.com/auth/cloudplatformprojects.readonly","https://www.googleapis.com/auth/firebase","https://www.googleapis.com/auth/cloud-platform"]
[debug] [2021-09-03T08:30:23.793Z] > authorizing via signed-in user (sweetiehimanshu@gmail.com)
[info] 
     ######## #### ########  ######## ########     ###     ######  ########
     ##        ##  ##     ## ##       ##     ##  ##   ##  ##       ##
     ######    ##  ########  ######   ########  #########  ######  ######
     ##        ##  ##    ##  ##       ##     ## ##     ##       ## ##
     ##       #### ##     ## ######## ########  ##     ##  ######  ########

You're about to initialize a Firebase project in this directory:

  D:\Web dev

Before we get started, keep in mind:

  * You are initializing within an existing Firebase project directory

[info] 
=== Project Setup
[info] 
[info] First, let's associate this project directory with a Firebase project.
[info] You can create multiple project aliases by running firebase use --add, 
[info] but for now we'll just set up a default project.
[info] 
[info] i  .firebaserc already has a default project, using my-projects-1befa. 
[debug] [2021-09-03T08:30:30.281Z] >>> [apiv2][query] GET https://firebase.googleapis.com/v1beta1/projects/my-projects-1befa [none]
[debug] [2021-09-03T08:30:30.868Z] <<< [apiv2][status] GET https://firebase.googleapis.com/v1beta1/projects/my-projects-1befa 200
[debug] [2021-09-03T08:30:30.868Z] <<< [apiv2][body] GET https://firebase.googleapis.com/v1beta1/projects/my-projects-1befa {"projectId":"my-projects-1befa","projectNumber":"128598181089","displayName":"My projects","name":"projects/my-projects-1befa","resources":{"hostingSite":"my-projects-1befa"},"state":"ACTIVE"}
[info] 
=== Hosting Setup
[info] 
[info] Your public directory is the folder (relative to your project directory) that
[info] will contain Hosting assets to be uploaded with firebase deploy. If you
[info] have a build process for your assets, use your build's output directory.
[info] 
